# JRE version: OpenJDK Runtime Environment (17.0.9) (build 17.0.9+0--11185874)
# Java VM: OpenJDK 64-Bit Server VM (17.0.9+0--11185874, mixed mode, tiered, compressed oops, compressed class ptrs, g1 gc, windows-amd64)
GC Precious Log:
 CPUs: 2 total, 2 available
 Memory: 3504M
 Large Page Support: Disabled
 NUMA Support: Disabled
 Compressed Oops: Enabled (32-bit)
 Heap Region Size: 1M
 Heap Min Capacity: 8M
 Heap Initial Capacity: 56M
 Heap Max Capacity: 878M
 Pre-touch: Disabled
 Parallel Workers: 2
 Concurrent Workers: 1
 Concurrent Refinement Workers: 2
 Periodic GC: Disabled
Heap:
 garbage-first heap   total 57344K, used 32629K [0x00000000c9200000, 0x0000000100000000)
  region size 1024K, 2 young (2048K), 2 survivors (2048K)
 Metaspace       used 47837K, committed 48128K, reserved 1114112K
  class space    used 5800K, committed 5952K, reserved 1048576K
GC Heap History (20 events):
Event: 22.367 GC heap after
{Heap after GC invocations=10 (full 0):
 garbage-first heap   total 46080K, used 19788K [0x00000000c9200000, 0x0000000100000000)
  region size 1024K, 1 young (1024K), 1 survivors (1024K)
 Metaspace       used 33021K, committed 33216K, reserved 1114112K
  class space    used 4265K, committed 4352K, reserved 1048576K
}
Event: 23.124 GC heap before
{Heap before GC invocations=11 (full 0):
 garbage-first heap   total 46080K, used 27980K [0x00000000c9200000, 0x0000000100000000)
  region size 1024K, 11 young (11264K), 1 survivors (1024K)
 Metaspace       used 35334K, committed 35584K, reserved 1114112K
  class space    used 4531K, committed 4608K, reserved 1048576K
}
Event: 23.132 GC heap after
{Heap after GC invocations=12 (full 0):
 garbage-first heap   total 46080K, used 18931K [0x00000000c9200000, 0x0000000100000000)
  region size 1024K, 2 young (2048K), 2 survivors (2048K)
 Metaspace       used 35334K, committed 35584K, reserved 1114112K
  class space    used 4531K, committed 4608K, reserved 1048576K
}
Event: 24.891 GC heap before
{Heap before GC invocations=12 (full 0):
 garbage-first heap   total 46080K, used 34291K [0x00000000c9200000, 0x0000000100000000)
  region size 1024K, 15 young (15360K), 2 survivors (2048K)
 Metaspace       used 36361K, committed 36544K, reserved 1114112K
  class space    used 4647K, committed 4736K, reserved 1048576K
}
Event: 24.907 GC heap after
{Heap after GC invocations=13 (full 0):
 garbage-first heap   total 46080K, used 20988K [0x00000000c9200000, 0x0000000100000000)
  region size 1024K, 2 young (2048K), 2 survivors (2048K)
 Metaspace       used 36361K, committed 36544K, reserved 1114112K
  class space    used 4647K, committed 4736K, reserved 1048576K
}
Event: 26.405 GC heap before
{Heap before GC invocations=13 (full 0):
 garbage-first heap   total 46080K, used 33276K [0x00000000c9200000, 0x0000000100000000)
  region size 1024K, 14 young (14336K), 2 survivors (2048K)
 Metaspace       used 38791K, committed 38976K, reserved 1114112K
  class space    used 4892K, committed 4992K, reserved 1048576K
}
Event: 26.416 GC heap after
{Heap after GC invocations=14 (full 0):
 garbage-first heap   total 46080K, used 22679K [0x00000000c9200000, 0x0000000100000000)
  region size 1024K, 2 young (2048K), 2 survivors (2048K)
 Metaspace       used 38791K, committed 38976K, reserved 1114112K
  class space    used 4892K, committed 4992K, reserved 1048576K
}
Event: 26.981 GC heap before
{Heap before GC invocations=14 (full 0):
 garbage-first heap   total 46080K, used 32919K [0x00000000c9200000, 0x0000000100000000)
  region size 1024K, 13 young (13312K), 2 survivors (2048K)
 Metaspace       used 41313K, committed 41536K, reserved 1114112K
  class space    used 5090K, committed 5184K, reserved 1048576K
}
Event: 26.992 GC heap after
{Heap after GC invocations=15 (full 0):
 garbage-first heap   total 46080K, used 23950K [0x00000000c9200000, 0x0000000100000000)
  region size 1024K, 2 young (2048K), 2 survivors (2048K)
 Metaspace       used 41313K, committed 41536K, reserved 1114112K
  class space    used 5090K, committed 5184K, reserved 1048576K
}
Event: 28.909 GC heap before
{Heap before GC invocations=16 (full 0):
 garbage-first heap   total 46080K, used 33166K [0x00000000c9200000, 0x0000000100000000)
  region size 1024K, 12 young (12288K), 2 survivors (2048K)
 Metaspace       used 43520K, committed 43712K, reserved 1114112K
  class space    used 5339K, committed 5440K, reserved 1048576K
}
Event: 28.915 GC heap after
{Heap after GC invocations=17 (full 0):
 garbage-first heap   total 46080K, used 24508K [0x00000000c9200000, 0x0000000100000000)
  region size 1024K, 1 young (1024K), 1 survivors (1024K)
 Metaspace       used 43520K, committed 43712K, reserved 1114112K
  class space    used 5339K, committed 5440K, reserved 1048576K
}
Event: 31.579 GC heap before
{Heap before GC invocations=17 (full 0):
 garbage-first heap   total 46080K, used 28604K [0x00000000c9200000, 0x0000000100000000)
  region size 1024K, 6 young (6144K), 1 survivors (1024K)
 Metaspace       used 45192K, committed 45440K, reserved 1114112K
  class space    used 5541K, committed 5696K, reserved 1048576K
}
Event: 31.588 GC heap after
{Heap after GC invocations=18 (full 0):
 garbage-first heap   total 46080K, used 24861K [0x00000000c9200000, 0x0000000100000000)
  region size 1024K, 1 young (1024K), 1 survivors (1024K)
 Metaspace       used 45192K, committed 45440K, reserved 1114112K
  class space    used 5541K, committed 5696K, reserved 1048576K
}
Event: 33.021 GC heap before
{Heap before GC invocations=19 (full 0):
 garbage-first heap   total 48128K, used 37149K [0x00000000c9200000, 0x0000000100000000)
  region size 1024K, 12 young (12288K), 1 survivors (1024K)
 Metaspace       used 47049K, committed 47360K, reserved 1114112K
  class space    used 5756K, committed 5888K, reserved 1048576K
}
Event: 33.047 GC heap after
{Heap after GC invocations=20 (full 0):
 garbage-first heap   total 48128K, used 28365K [0x00000000c9200000, 0x0000000100000000)
  region size 1024K, 2 young (2048K), 2 survivors (2048K)
 Metaspace       used 47049K, committed 47360K, reserved 1114112K
  class space    used 5756K, committed 5888K, reserved 1048576K
}
Event: 36.158 GC heap before
{Heap before GC invocations=20 (full 0):
 garbage-first heap   total 48128K, used 38605K [0x00000000c9200000, 0x0000000100000000)
  region size 1024K, 12 young (12288K), 2 survivors (2048K)
 Metaspace       used 47722K, committed 48000K, reserved 1114112K
  class space    used 5800K, committed 5952K, reserved 1048576K
}
Event: 36.172 GC heap after
{Heap after GC invocations=21 (full 0):
 garbage-first heap   total 48128K, used 30550K [0x00000000c9200000, 0x0000000100000000)
  region size 1024K, 2 young (2048K), 2 survivors (2048K)
 Metaspace       used 47722K, committed 48000K, reserved 1114112K
  class space    used 5800K, committed 5952K, reserved 1048576K
}
Event: 37.340 GC heap before
{Heap before GC invocations=22 (full 0):
 garbage-first heap   total 55296K, used 37718K [0x00000000c9200000, 0x0000000100000000)
  region size 1024K, 9 young (9216K), 2 survivors (2048K)
 Metaspace       used 47788K, committed 48064K, reserved 1114112K
  class space    used 5800K, committed 5952K, reserved 1048576K
}
Event: 37.352 GC heap after
{Heap after GC invocations=23 (full 0):
 garbage-first heap   total 55296K, used 31555K [0x00000000c9200000, 0x0000000100000000)
  region size 1024K, 1 young (1024K), 1 survivors (1024K)
 Metaspace       used 47788K, committed 48064K, reserved 1114112K
  class space    used 5800K, committed 5952K, reserved 1048576K
}
Event: 37.597 GC heap before
{Heap before GC invocations=23 (full 0):
 garbage-first heap   total 55296K, used 35651K [0x00000000c9200000, 0x0000000100000000)
  region size 1024K, 6 young (6144K), 1 survivors (1024K)
 Metaspace       used 47837K, committed 48128K, reserved 1114112K
  class space    used 5800K, committed 5952K, reserved 1048576K
}

